-------------------------------------------------------------------------------
Test set: examples.tests.TestRunner
-------------------------------------------------------------------------------
Tests run: 1, Failures: 1, Errors: 0, Skipped: 0, Time elapsed: 16.101 s <<< FAILURE! - in examples.tests.TestRunner
examples.tests.TestRunner.testParallel  Time elapsed: 16.042 s  <<< FAILURE!
junit.framework.AssertionFailedError: 
did not evaluate to 'true': response.length == 21
classpath:examples/tests/Get.feature:16
did not evaluate to 'true': response.length == 38
classpath:examples/tests/Get.feature:36
match failed: EQUALS
  $ | data types don't match (NULL:STRING)
  null
  'SC GRÃ©'

classpath:examples/tests/Get.feature:76
http call failed after 5012 milliseconds for url: https://pesa-backend-production.up.railway.app/api/v1/product-subscription/63d2a4867ab834e9abe21c21
classpath:examples/tests/Get.feature:115
	at examples.tests.TestRunner.testParallel(TestRunner.java:46)

